[2022-04-29 22:53:40,537 INFO]               precision    recall  f1-score   support

           0       1.00      1.00      1.00      5737
           1       1.00      1.00      1.00      5334
           2       0.86      0.93      0.89       212
           3       1.00      0.93      0.97       119
           4       0.83      1.00      0.91       120
           5       0.98      0.61      0.75       104

    accuracy                           0.99     11626
   macro avg       0.95      0.91      0.92     11626
weighted avg       0.99      0.99      0.99     11626

[2022-04-29 22:53:40,553 INFO] [[5737    0    0    0    0    0]
 [   0 5334    0    0    0    0]
 [   0    0  197    0   15    0]
 [   0    7    0  111    0    1]
 [   0    0    0    0  120    0]
 [   0    0   32    0    9   63]]
[2022-04-29 22:54:04,380 INFO]               precision    recall  f1-score   support

           0       1.00      1.00      1.00      5737
           1       1.00      1.00      1.00      5334
           2       0.57      0.97      0.72       212
           3       1.00      0.93      0.97       119
           4       0.00      0.00      0.00       120
           5       0.99      0.72      0.83       104

    accuracy                           0.99     11626
   macro avg       0.76      0.77      0.75     11626
weighted avg       0.98      0.99      0.98     11626

[2022-04-29 22:54:04,380 INFO] [[5737    0    0    0    0    0]
 [   0 5334    0    0    0    0]
 [   0    0  205    0    7    0]
 [   0    0    7  111    0    1]
 [   0    0  120    0    0    0]
 [   0    0   27    0    2   75]]
[2022-04-29 22:54:26,536 INFO]               precision    recall  f1-score   support

           0       1.00      1.00      1.00      5737
           1       1.00      1.00      1.00      5334
           2       0.57      0.96      0.71       212
           3       1.00      0.93      0.97       119
           4       0.00      0.00      0.00       120
           5       1.00      0.72      0.84       104

    accuracy                           0.99     11626
   macro avg       0.76      0.77      0.75     11626
weighted avg       0.98      0.99      0.98     11626

[2022-04-29 22:54:26,551 INFO] [[5737    0    0    0    0    0]
 [   0 5334    0    0    0    0]
 [   0    0  203    0    9    0]
 [   0    0    8  111    0    0]
 [   0    0  120    0    0    0]
 [   0    0   27    0    2   75]]
[2022-04-29 22:54:50,195 INFO]               precision    recall  f1-score   support

           0       1.00      1.00      1.00      5737
           1       1.00      1.00      1.00      5334
           2       0.57      1.00      0.72       212
           3       1.00      0.94      0.97       119
           4       0.00      0.00      0.00       120
           5       1.00      0.77      0.87       104

    accuracy                           0.99     11626
   macro avg       0.76      0.78      0.76     11626
weighted avg       0.98      0.99      0.98     11626

[2022-04-29 22:54:50,195 INFO] [[5737    0    0    0    0    0]
 [   0 5324   10    0    0    0]
 [   0    0  211    0    1    0]
 [   0    0    7  112    0    0]
 [   0    0  120    0    0    0]
 [   0    0   24    0    0   80]]
[2022-04-29 22:55:14,815 INFO]               precision    recall  f1-score   support

           0       1.00      1.00      1.00      5737
           1       1.00      1.00      1.00      5334
           2       0.58      0.98      0.73       212
           3       1.00      0.97      0.99       119
           4       0.00      0.00      0.00       120
           5       1.00      0.75      0.86       104

    accuracy                           0.99     11626
   macro avg       0.76      0.78      0.76     11626
weighted avg       0.98      0.99      0.98     11626

[2022-04-29 22:55:14,815 INFO] [[5737    0    0    0    0    0]
 [   0 5334    0    0    0    0]
 [   0    0  207    0    5    0]
 [   0    0    3  116    0    0]
 [   0    0  120    0    0    0]
 [   0    0   26    0    0   78]]
[2022-04-29 22:55:46,768 INFO] 
              precision    recall  f1-score   support

           0       1.00      1.00      1.00      5737
           1       1.00      1.00      1.00      5334
           2       0.91      0.89      0.90       212
           3       1.00      0.92      0.96       119
           4       0.77      1.00      0.87       120
           5       0.95      0.71      0.81       104

    accuracy                           0.99     11626
   macro avg       0.94      0.92      0.92     11626
weighted avg       1.00      0.99      0.99     11626

[2022-04-29 22:55:57,460 INFO] 
[[5737    0    0    0    0    0]
 [   0 5334    0    0    0    0]
 [   0    0  189    0   23    0]
 [   0    4    1  110    0    4]
 [   0    0    0    0  120    0]
 [   0    0   18    0   12   74]]
[2022-04-29 22:56:34,565 INFO] 
              precision    recall  f1-score   support

           0       1.00      1.00      1.00      5737
           1       1.00      1.00      1.00      5334
           2       0.88      0.89      0.88       212
           3       1.00      0.94      0.97       119
           4       0.78      1.00      0.88       120
           5       0.99      0.63      0.77       104

    accuracy                           0.99     11626
   macro avg       0.94      0.91      0.92     11626
weighted avg       0.99      0.99      0.99     11626

[2022-04-29 22:56:34,580 INFO] 
[[5737    0    0    0    0    0]
 [   0 5334    0    0    0    0]
 [   0    0  189    0   22    1]
 [   0    6    1  112    0    0]
 [   0    0    0    0  120    0]
 [   0    0   26    0   12   66]]
[2022-04-29 22:56:56,393 INFO] 
              precision    recall  f1-score   support

           0       1.00      1.00      1.00      5737
           1       1.00      1.00      1.00      5334
           2       0.57      0.96      0.72       212
           3       1.00      0.92      0.96       119
           4       0.00      0.00      0.00       120
           5       0.99      0.74      0.85       104

    accuracy                           0.99     11626
   macro avg       0.76      0.77      0.75     11626
weighted avg       0.98      0.99      0.98     11626

[2022-04-29 22:56:56,409 INFO] 
[[5737    0    0    0    0    0]
 [   0 5334    0    0    0    0]
 [   0    0  204    0    8    0]
 [   0    0    9  109    0    1]
 [   0    0  120    0    0    0]
 [   0    0   24    0    3   77]]
[2022-04-29 22:57:17,210 INFO] 
              precision    recall  f1-score   support

           0       1.00      1.00      1.00      5737
           1       1.00      1.00      1.00      5334
           2       0.57      0.99      0.72       212
           3       1.00      0.92      0.96       119
           4       0.00      0.00      0.00       120
           5       1.00      0.73      0.84       104

    accuracy                           0.99     11626
   macro avg       0.76      0.77      0.75     11626
weighted avg       0.98      0.99      0.98     11626

[2022-04-29 22:57:17,226 INFO] 
[[5737    0    0    0    0    0]
 [   0 5334    0    0    0    0]
 [   0    0  209    0    3    0]
 [   0    0   10  109    0    0]
 [   0    0  120    0    0    0]
 [   0    0   26    0    2   76]]
[2022-04-29 22:57:37,413 INFO] 
              precision    recall  f1-score   support

           0       1.00      1.00      1.00      5737
           1       1.00      1.00      1.00      5334
           2       0.59      0.98      0.74       212
           3       1.00      0.97      0.99       119
           4       0.00      0.00      0.00       120
           5       0.99      0.77      0.86       104

    accuracy                           0.99     11626
   macro avg       0.76      0.79      0.76     11626
weighted avg       0.98      0.99      0.98     11626

[2022-04-29 22:57:37,429 INFO] 
[[5737    0    0    0    0    0]
 [   0 5334    0    0    0    0]
 [   0    0  207    0    4    1]
 [   0    0    3  116    0    0]
 [   0    0  120    0    0    0]
 [   0    0   21    0    3   80]]
[2022-04-29 22:57:59,100 INFO] 
              precision    recall  f1-score   support

           0       1.00      1.00      1.00      5737
           1       1.00      1.00      1.00      5334
           2       0.58      0.99      0.73       212
           3       1.00      0.96      0.98       119
           4       0.00      0.00      0.00       120
           5       0.99      0.75      0.85       104

    accuracy                           0.99     11626
   macro avg       0.76      0.78      0.76     11626
weighted avg       0.98      0.99      0.98     11626

[2022-04-29 22:57:59,115 INFO] 
[[5737    0    0    0    0    0]
 [   0 5334    0    0    0    0]
 [   0    0  209    0    3    0]
 [   0    0    4  114    0    1]
 [   0    0  120    0    0    0]
 [   0    0   26    0    0   78]]
[2022-04-29 22:59:47,718 INFO] Save model with best accuracy:0.49792836773261273
[2022-04-29 22:59:47,765 INFO] 
              precision    recall  f1-score   support

           0       1.00      1.00      1.00      5452
           1       0.00      0.00      0.00      5437
           2       0.86      0.90      0.88      5825
           3       0.09      1.00      0.17       639
           4       0.59      0.86      0.70       644
           5       1.00      0.14      0.24      1639

    accuracy                           0.62     19636
   macro avg       0.59      0.65      0.50     19636
weighted avg       0.64      0.62      0.59     19636

[2022-04-29 22:59:47,765 INFO] 
[[5452    0    0    0    0    0]
 [   0    0    0 5437    0    0]
 [   0    6 5236  295  288    0]
 [   0    0    0  639    0    0]
 [   0    0   10   79  555    0]
 [   1    2  871  447   95  223]]
[2022-04-29 23:00:09,397 INFO] Save model with best accuracy:0.5774058578445947
[2022-04-29 23:00:09,443 INFO] 
              precision    recall  f1-score   support

           0       1.00      1.00      1.00      5452
           1       0.00      0.00      0.00      5437
           2       0.91      0.91      0.91      5825
           3       0.09      1.00      0.17       639
           4       0.64      0.88      0.74       644
           5       0.99      0.47      0.64      1639

    accuracy                           0.65     19636
   macro avg       0.61      0.71      0.58     19636
weighted avg       0.66      0.65      0.63     19636

[2022-04-29 23:00:09,459 INFO] 
[[5452    0    0    0    0    0]
 [   0    0    0 5437    0    0]
 [   0    3 5289  263  268    2]
 [   0    0    0  639    0    0]
 [   0    0   11   67  564    2]
 [   0    1  484  342   43  769]]
[2022-04-29 23:00:30,592 INFO] Save model with best accuracy:0.5807948221747797
[2022-04-29 23:00:30,639 INFO] 
              precision    recall  f1-score   support

           0       1.00      1.00      1.00      5452
           1       0.00      0.00      0.00      5437
           2       0.92      0.90      0.91      5825
           3       0.10      1.00      0.17       639
           4       0.60      0.89      0.72       644
           5       1.00      0.52      0.68      1639

    accuracy                           0.65     19636
   macro avg       0.60      0.72      0.58     19636
weighted avg       0.66      0.65      0.63     19636

[2022-04-29 23:00:30,639 INFO] 
[[5452    0    0    0    0    0]
 [   0    0    0 5437    0    0]
 [   0    3 5250  250  322    0]
 [   0    0    0  639    0    0]
 [   0    0   12   60  571    1]
 [   0    0  424  306   59  850]]
[2022-04-29 23:01:56,289 INFO] Save model with best accuracy:0.8129465603402317
[2022-04-29 23:01:56,335 INFO] 
              precision    recall  f1-score   support

           0       1.00      1.00      1.00      5422
           1       1.00      1.00      1.00      5407
           2       0.87      0.95      0.91      5615
           3       0.47      1.00      0.64       489
           4       0.92      0.89      0.91       494
           5       1.00      0.27      0.43      1549

    accuracy                           0.92     18976
   macro avg       0.88      0.85      0.81     18976
weighted avg       0.94      0.92      0.91     18976

[2022-04-29 23:01:56,335 INFO] 
[[5422    0    0    0    0    0]
 [   0 5407    0    0    0    0]
 [   5    2 5356  241   11    0]
 [   0    0    0  489    0    0]
 [   7    0   10   35  442    0]
 [   0    3  815  286   25  420]]
[2022-04-29 23:03:11,128 INFO] Save model with best accuracy:0.8727993354320037
[2022-04-29 23:03:11,190 INFO] 
              precision    recall  f1-score   support

           0       1.00      1.00      1.00      5422
           1       1.00      1.00      1.00      5407
           2       0.91      0.98      0.94      5615
           3       0.54      1.00      0.70       489
           4       0.97      0.89      0.93       494
           5       1.00      0.50      0.67      1549

    accuracy                           0.95     18976
   macro avg       0.90      0.89      0.87     18976
weighted avg       0.96      0.95      0.95     18976

[2022-04-29 23:03:11,190 INFO] 
[[5422    0    0    0    0    0]
 [   0 5407    0    0    0    0]
 [   1    0 5485  127    2    0]
 [   0    0    0  489    0    0]
 [   8    0   16   29  441    0]
 [   0    4  495  266   12  772]]
[2022-04-29 23:04:26,094 INFO] Save model with best accuracy:0.8983770514004848
[2022-04-29 23:04:26,141 INFO] 
              precision    recall  f1-score   support

           0       1.00      1.00      1.00      5422
           1       1.00      1.00      1.00      5407
           2       0.94      0.98      0.96      5615
           3       0.57      1.00      0.73       489
           4       0.96      0.91      0.93       494
           5       1.00      0.62      0.77      1549

    accuracy                           0.96     18976
   macro avg       0.91      0.92      0.90     18976
weighted avg       0.97      0.96      0.96     18976

[2022-04-29 23:04:26,157 INFO] 
[[5422    0    0    0    0    0]
 [   0 5407    0    0    0    0]
 [   1    0 5516   95    3    0]
 [   0    0    0  489    0    0]
 [   4    0   15   27  448    0]
 [   0    4  323  244   14  964]]
[2022-04-29 23:05:39,812 INFO] Save model with best accuracy:0.9050999275530093
[2022-04-29 23:05:39,859 INFO] 
              precision    recall  f1-score   support

           0       1.00      1.00      1.00      5422
           1       1.00      1.00      1.00      5407
           2       0.95      0.99      0.97      5615
           3       0.61      1.00      0.76       489
           4       0.91      0.95      0.93       494
           5       1.00      0.64      0.78      1549

    accuracy                           0.97     18976
   macro avg       0.91      0.93      0.91     18976
weighted avg       0.97      0.97      0.96     18976

[2022-04-29 23:05:39,875 INFO] 
[[5422    0    0    0    0    0]
 [   0 5407    0    0    0    0]
 [   1    1 5532   56   25    0]
 [   0    0    0  489    0    0]
 [   1    0   14    9  470    0]
 [   0    4  277  252   24  992]]
[2022-04-29 23:07:49,874 INFO] Save model with best accuracy:0.9862450267268476
[2022-04-29 23:07:49,890 INFO] 
              precision    recall  f1-score   support

           0       1.00      1.00      1.00      5707
           1       1.00      1.00      1.00      5304
           2       1.00      0.98      0.99       939
           3       0.93      1.00      0.96       211
           4       1.00      0.99      1.00       194
           5       0.98      0.97      0.97       153

    accuracy                           1.00     12508
   macro avg       0.98      0.99      0.99     12508
weighted avg       1.00      1.00      1.00     12508

[2022-04-29 23:07:49,906 INFO] 
[[5707    0    0    0    0    0]
 [   0 5304    0    0    0    0]
 [   0    0  920   16    0    3]
 [   0    1    0  210    0    0]
 [   0    1    0    0  193    0]
 [   0    0    4    1    0  148]]
[2022-04-29 23:11:20,180 INFO] Save model with best accuracy:0.9284449592591032
[2022-04-29 23:11:20,226 INFO] 
              precision    recall  f1-score   support

           0       1.00      1.00      1.00      5321
           1       1.00      1.00      1.00      5211
           2       0.93      1.00      0.96      7760
           3       0.86      0.99      0.92       977
           4       0.94      0.96      0.95       900
           5       1.00      0.59      0.74      1873

    accuracy                           0.96     22042
   macro avg       0.95      0.92      0.93     22042
weighted avg       0.96      0.96      0.96     22042

[2022-04-29 23:11:20,258 INFO] 
[[5321    0    0    0    0    0]
 [   0 5211    0    0    0    0]
 [   0    5 7727   16   10    2]
 [   0    0    8  969    0    0]
 [   0    0   39    0  861    0]
 [   0    0  576  139   49 1109]]
[2022-04-29 23:12:30,600 INFO] Save model with best accuracy:0.9670014703164349
[2022-04-29 23:12:30,631 INFO] 
              precision    recall  f1-score   support

           0       1.00      1.00      1.00      5321
           1       1.00      1.00      1.00      5211
           2       0.96      1.00      0.98      7760
           3       0.95      0.99      0.97       977
           4       0.97      0.97      0.97       900
           5       1.00      0.79      0.88      1873

    accuracy                           0.98     22042
   macro avg       0.98      0.96      0.97     22042
weighted avg       0.98      0.98      0.98     22042

[2022-04-29 23:12:30,647 INFO] 
[[5321    0    0    0    0    0]
 [   0 5211    0    0    0    0]
 [   0    5 7748    4    0    3]
 [   0    0    6  971    0    0]
 [   0    0   28    0  872    0]
 [   0    0  313   51   23 1486]]
[2022-04-29 23:13:39,439 INFO] Save model with best accuracy:0.969857377345641
[2022-04-29 23:13:39,486 INFO] 
              precision    recall  f1-score   support

           0       1.00      1.00      1.00      5321
           1       1.00      1.00      1.00      5211
           2       0.96      1.00      0.98      7760
           3       0.94      1.00      0.97       977
           4       0.97      0.97      0.97       900
           5       1.00      0.82      0.90      1873

    accuracy                           0.98     22042
   macro avg       0.98      0.96      0.97     22042
weighted avg       0.98      0.98      0.98     22042

[2022-04-29 23:13:39,502 INFO] 
[[5321    0    0    0    0    0]
 [   0 5211    0    0    0    0]
 [   0    5 7747    7    0    1]
 [   0    0    4  973    0    0]
 [   0    0   26    0  874    0]
 [   0    0  266   51   26 1530]]
[2022-04-29 23:14:48,190 INFO] Save model with best accuracy:0.9705263074137558
[2022-04-29 23:14:48,237 INFO] 
              precision    recall  f1-score   support

           0       1.00      1.00      1.00      5321
           1       1.00      1.00      1.00      5211
           2       0.97      1.00      0.98      7760
           3       0.94      1.00      0.97       977
           4       0.97      0.98      0.98       900
           5       1.00      0.82      0.90      1873

    accuracy                           0.98     22042
   macro avg       0.98      0.97      0.97     22042
weighted avg       0.98      0.98      0.98     22042

[2022-04-29 23:14:48,252 INFO] 
[[5321    0    0    0    0    0]
 [   0 5211    0    0    0    0]
 [   0    5 7748    6    0    1]
 [   0    0    2  975    0    0]
 [   0    0   19    0  881    0]
 [   0    0  257   59   25 1532]]
[2022-04-29 23:15:56,848 INFO] Save model with best accuracy:0.9709067274683639
[2022-04-29 23:15:56,911 INFO] 
              precision    recall  f1-score   support

           0       1.00      1.00      1.00      5321
           1       1.00      1.00      1.00      5211
           2       0.96      1.00      0.98      7760
           3       0.95      1.00      0.97       977
           4       0.98      0.98      0.98       900
           5       1.00      0.81      0.89      1873

    accuracy                           0.98     22042
   macro avg       0.98      0.96      0.97     22042
weighted avg       0.98      0.98      0.98     22042

[2022-04-29 23:15:56,926 INFO] 
[[5321    0    0    0    0    0]
 [   0 5211    0    0    0    0]
 [   0    5 7749    5    0    1]
 [   0    0    2  975    0    0]
 [   0    0   18    0  882    0]
 [   0    0  288   46   22 1517]]
[2022-04-30 15:35:19,877 INFO] Save model with best accuracy:0.8662766881260148
[2022-04-30 15:35:19,924 INFO] 
              precision    recall  f1-score   support

           0       1.00      1.00      1.00      5321
           1       1.00      1.00      1.00      5211
           2       0.90      0.99      0.95      7760
           3       0.69      0.96      0.80       977
           4       0.93      0.96      0.94       900
           5       0.99      0.34      0.51      1873

    accuracy                           0.94     22042
   macro avg       0.92      0.88      0.87     22042
weighted avg       0.95      0.94      0.93     22042

[2022-04-30 15:35:19,939 INFO] 
[[5321    0    0    0    0    0]
 [   0 5211    0    0    0    0]
 [   0    6 7718   18   15    3]
 [   6    0   26  939    0    6]
 [   0    0   38    0  862    0]
 [   0    4  768  409   51  641]]
[2022-05-04 16:59:16,961 INFO] 
              precision    recall  f1-score   support

           0       1.00      1.00      1.00      5422
           1       0.84      0.02      0.04      5407
           2       0.88      0.99      0.93      5615
           3       0.64      1.00      0.78       489
           4       0.08      0.95      0.15       494
           5       1.00      0.26      0.41      1549

    accuracy                           0.66     18976
   macro avg       0.74      0.70      0.55     18976
weighted avg       0.88      0.66      0.63     18976

[2022-05-04 16:59:16,985 INFO] 
[[5422    0    0    0    0    0]
 [   0  108    0    0 5299    0]
 [   0    2 5559   19   35    0]
 [   0    0    0  489    0    0]
 [   0    6   20    0  468    0]
 [   0   13  750  258  125  403]]
[2022-05-04 16:59:29,132 INFO] 
              precision    recall  f1-score   support

           0       1.00      1.00      1.00      5422
           1       0.94      0.06      0.11      5407
           2       0.93      0.99      0.96      5615
           3       0.77      1.00      0.87       489
           4       0.08      0.95      0.15       494
           5       1.00      0.60      0.75      1549

    accuracy                           0.70     18976
   macro avg       0.79      0.77      0.64     18976
weighted avg       0.93      0.70      0.69     18976

[2022-05-04 16:59:29,155 INFO] 
[[5422    0    0    0    0    0]
 [   0  307    0    0 5100    0]
 [   0    2 5576   15   22    0]
 [   0    0    0  489    0    0]
 [   0    6   19    0  469    0]
 [   0   11  423  128   61  926]]
[2022-05-04 16:59:42,480 INFO] 
              precision    recall  f1-score   support

           0       1.00      1.00      1.00      5422
           1       1.00      0.91      0.95      5407
           2       0.95      0.99      0.97      5615
           3       0.85      1.00      0.92       489
           4       0.45      0.96      0.61       494
           5       1.00      0.72      0.84      1549

    accuracy                           0.95     18976
   macro avg       0.87      0.93      0.88     18976
weighted avg       0.97      0.95      0.95     18976

[2022-05-04 16:59:42,504 INFO] 
[[5422    0    0    0    0    0]
 [   0 4919    0    0  488    0]
 [   0    0 5574    6   35    0]
 [   0    0    0  489    0    0]
 [   0    3   17    0  474    0]
 [   0   11  276   80   64 1118]]
[2022-05-04 16:59:56,785 INFO] 
              precision    recall  f1-score   support

           0       1.00      1.00      1.00      5422
           1       1.00      0.99      1.00      5407
           2       0.95      0.99      0.97      5615
           3       0.83      1.00      0.91       489
           4       0.80      0.96      0.87       494
           5       1.00      0.70      0.83      1549

    accuracy                           0.97     18976
   macro avg       0.93      0.94      0.93     18976
weighted avg       0.97      0.97      0.97     18976

[2022-05-04 16:59:56,796 INFO] 
[[5422    0    0    0    0    0]
 [   0 5374    0    0   33    0]
 [   0    0 5583    4   28    0]
 [   0    0    0  489    0    0]
 [   0    1   18    2  473    0]
 [   0   14  290   96   59 1090]]
[2022-05-04 17:00:08,558 INFO] 
              precision    recall  f1-score   support

           0       1.00      1.00      1.00      5422
           1       1.00      1.00      1.00      5407
           2       0.94      1.00      0.97      5615
           3       0.88      1.00      0.94       489
           4       0.89      0.95      0.92       494
           5       1.00      0.71      0.83      1549

    accuracy                           0.97     18976
   macro avg       0.95      0.94      0.94     18976
weighted avg       0.98      0.97      0.97     18976

[2022-05-04 17:00:08,581 INFO] 
[[5422    0    0    0    0    0]
 [   0 5402    0    0    5    0]
 [   0    0 5609    2    4    0]
 [   0    0    0  489    0    0]
 [   0    0   23    1  470    0]
 [   0   13  322   61   50 1103]]
[2022-05-04 17:07:32,528 INFO] 
              precision    recall  f1-score   support

           0       1.00      1.00      1.00      5442
           1       0.00      0.00      0.00      5427
           2       0.87      0.94      0.91      5755
           3       0.09      1.00      0.16       589
           4       0.86      0.92      0.89       594
           5       1.00      0.28      0.44      1609

    accuracy                           0.64     19416
   macro avg       0.64      0.69      0.57     19416
weighted avg       0.65      0.64      0.62     19416

[2022-05-04 17:07:32,544 INFO] 
[[5442    0    0    0    0    0]
 [   0    0    0 5427    0    0]
 [   0    0 5423  297   35    0]
 [   0    0    0  589    0    0]
 [   0    0   18   27  549    0]
 [   0    1  769  324   58  457]]
[2022-05-04 17:07:41,856 INFO] 
              precision    recall  f1-score   support

           0       1.00      1.00      1.00      5442
           1       0.00      0.00      0.00      5427
           2       0.92      0.97      0.95      5755
           3       0.09      1.00      0.17       589
           4       0.89      0.96      0.92       594
           5       1.00      0.46      0.63      1609

    accuracy                           0.67     19416
   macro avg       0.65      0.73      0.61     19416
weighted avg       0.67      0.67      0.65     19416

[2022-05-04 17:07:41,872 INFO] 
[[5442    0    0    0    0    0]
 [   0    0    0 5427    0    0]
 [   0    0 5578  148   29    0]
 [   0    0    0  589    0    0]
 [   0    0   17    7  570    0]
 [   0    2  443  374   44  746]]
[2022-05-04 17:07:51,078 INFO] 
              precision    recall  f1-score   support

           0       1.00      1.00      1.00      5442
           1       0.00      0.00      0.00      5427
           2       0.93      0.98      0.95      5755
           3       0.09      1.00      0.17       589
           4       0.90      0.95      0.92       594
           5       1.00      0.48      0.64      1609

    accuracy                           0.67     19416
   macro avg       0.65      0.73      0.61     19416
weighted avg       0.67      0.67      0.65     19416

[2022-05-04 17:07:51,094 INFO] 
[[5442    0    0    0    0    0]
 [   0    0    0 5427    0    0]
 [   0    0 5627  103   25    0]
 [   0    0    0  589    0    0]
 [   0    0   19   11  564    0]
 [   0    1  430  375   38  765]]
[2022-05-04 17:08:00,250 INFO] 
              precision    recall  f1-score   support

           0       1.00      1.00      1.00      5442
           1       0.00      0.00      0.00      5427
           2       0.94      0.98      0.96      5755
           3       0.09      1.00      0.17       589
           4       0.92      0.95      0.93       594
           5       1.00      0.50      0.67      1609

    accuracy                           0.67     19416
   macro avg       0.66      0.74      0.62     19416
weighted avg       0.67      0.67      0.65     19416

[2022-05-04 17:08:00,250 INFO] 
[[5442    0    0    0    0    0]
 [   0    0    0 5427    0    0]
 [   0    0 5654   85   16    0]
 [   0    0    0  589    0    0]
 [   0    0   21   10  563    0]
 [   0    1  325  435   36  812]]
[2022-05-04 17:08:09,344 INFO] 
              precision    recall  f1-score   support

           0       1.00      1.00      1.00      5442
           1       0.00      0.00      0.00      5427
           2       0.95      0.98      0.96      5755
           3       0.09      1.00      0.17       589
           4       0.85      0.96      0.90       594
           5       1.00      0.50      0.67      1609

    accuracy                           0.67     19416
   macro avg       0.65      0.74      0.62     19416
weighted avg       0.67      0.67      0.65     19416

[2022-05-04 17:08:09,359 INFO] 
[[5442    0    0    0    0    0]
 [   0    0    0 5427    0    0]
 [   0    0 5644   80   30    1]
 [   0    0    0  589    0    0]
 [   0    0   21    2  571    0]
 [   0    1  288  442   74  804]]
[2022-05-04 17:08:56,055 INFO] 
              precision    recall  f1-score   support

           0       1.00      1.00      1.00      5432
           1       0.98      1.00      0.99      5417
           2       0.88      0.99      0.93      5685
           3       0.57      1.00      0.73       539
           4       0.73      0.77      0.75       544
           5       1.00      0.20      0.33      1579

    accuracy                           0.92     19196
   macro avg       0.86      0.83      0.79     19196
weighted avg       0.94      0.92      0.91     19196

[2022-05-04 17:08:56,070 INFO] 
[[5432    0    0    0    0    0]
 [   0 5416    0    1    0    0]
 [   0    4 5601   60   20    0]
 [   0    0    0  539    0    0]
 [   0   94   23    6  421    0]
 [   2   29  770  332  136  310]]
[2022-05-04 17:09:09,930 INFO] 
              precision    recall  f1-score   support

           0       1.00      1.00      1.00      5432
           1       0.00      0.00      0.00      5417
           2       0.94      0.98      0.96      5685
           3       0.08      1.00      0.16       539
           4       0.84      0.79      0.81       544
           5       1.00      0.55      0.71      1579

    accuracy                           0.67     19196
   macro avg       0.64      0.72      0.61     19196
weighted avg       0.67      0.67      0.65     19196

[2022-05-04 17:09:09,945 INFO] 
[[5432    0    0    0    0    0]
 [   0    0    0 5417    0    0]
 [   0    0 5585   75   25    0]
 [   0    0    0  539    0    0]
 [   0    0   17   99  428    0]
 [   2   24  353  273   59  868]]
[2022-05-04 17:09:20,301 INFO] 
              precision    recall  f1-score   support

           0       1.00      1.00      1.00      5432
           1       0.00      0.00      0.00      5417
           2       0.96      0.99      0.97      5685
           3       0.08      1.00      0.16       539
           4       0.85      0.79      0.82       544
           5       1.00      0.62      0.76      1579

    accuracy                           0.68     19196
   macro avg       0.65      0.73      0.62     19196
weighted avg       0.68      0.68      0.66     19196

[2022-05-04 17:09:20,301 INFO] 
[[5432    0    0    0    0    0]
 [   0    0    0 5417    0    0]
 [   0    0 5604   59   21    1]
 [   0    0    0  539    0    0]
 [   0    0   18   97  429    0]
 [   1   24  235  289   52  978]]
[2022-05-04 17:09:30,770 INFO] 
              precision    recall  f1-score   support

           0       1.00      1.00      1.00      5432
           1       0.00      0.00      0.00      5417
           2       0.97      0.98      0.98      5685
           3       0.09      1.00      0.16       539
           4       0.86      0.96      0.91       544
           5       1.00      0.66      0.79      1579

    accuracy                           0.68     19196
   macro avg       0.65      0.77      0.64     19196
weighted avg       0.68      0.68      0.67     19196

[2022-05-04 17:09:30,785 INFO] 
[[5432    0    0    0    0    0]
 [   0    0    0 5417    0    0]
 [   0    0 5591   69   24    1]
 [   0    0    0  539    0    0]
 [   0    0   16    6  522    0]
 [   0   23  172  285   63 1036]]
[2022-05-04 17:09:41,285 INFO] 
              precision    recall  f1-score   support

           0       1.00      1.00      1.00      5432
           1       0.00      0.00      0.00      5417
           2       0.95      0.99      0.97      5685
           3       0.09      1.00      0.16       539
           4       0.92      0.95      0.94       544
           5       1.00      0.61      0.76      1579

    accuracy                           0.68     19196
   macro avg       0.66      0.76      0.64     19196
weighted avg       0.68      0.68      0.66     19196

[2022-05-04 17:09:41,285 INFO] 
[[5432    0    0    0    0    0]
 [   0    0   36 5381    0    0]
 [   1    0 5630   53    1    0]
 [   0    0    0  539    0    0]
 [   0    1   18    6  519    0]
 [   1   23  240  307   44  964]]
